\BOOKMARK [0][-]{chapter*.1}{Avant-propos de l'éditeur-traducteur}{}% 1
\BOOKMARK [0][-]{chapter.1}{L'allégorie du cycliste}{}% 2
\BOOKMARK [0][-]{chapter.2}{Le manifeste du poète}{}% 3
\BOOKMARK [1][-]{section.2.1}{Nous\040avons\040grandi\040avec\040Internet\040et\040sur\040Internet}{chapter.2}% 4
\BOOKMARK [1][-]{section.2.2}{La participation à la culture n’est pas notre occupation des jours de fête}{chapter.2}% 5
\BOOKMARK [1][-]{section.2.3}{Ce qui nous importe le plus, c’est la liberté}{chapter.2}% 6
\BOOKMARK [0][-]{chapter.3}{Le plaidoyer de l'amoureux de la liberté d'expression}{}% 7
\BOOKMARK [1][-]{section.3.1}{Des\0400\040et\040des\0401}{chapter.3}% 8
\BOOKMARK [1][-]{section.3.2}{Le droit d’auteur menace le droit au secret de la correspondance}{chapter.3}% 9
\BOOKMARK [1][-]{section.3.3}{La riposte graduée, ou l’art de débrancher les gens par caprice}{chapter.3}% 10
\BOOKMARK [1][-]{section.3.4}{De toute manière, la répression ne marche pas}{chapter.3}% 11
\BOOKMARK [1][-]{section.3.5}{Partage de fichiers et droits fondamentaux – la ligne de tension}{chapter.3}% 12
\BOOKMARK [0][-]{chapter.4}{La colère du propriétaire}{}% 13
\BOOKMARK [1][-]{section.4.1}{Biens\040tangibles\040et\040intangibles}{chapter.4}% 14
\BOOKMARK [1][-]{section.4.2}{Droit de propriété et rareté}{chapter.4}% 15
\BOOKMARK [1][-]{section.4.3}{Le\040versant\040patrimonial\040du\040droit\040d'auteur}{chapter.4}% 16
\BOOKMARK [1][-]{section.4.4}{Pourquoi un droit de propriété sur les idées ?}{chapter.4}% 17
\BOOKMARK [2][-]{section*.3}{Les idées ne sont pas rares}{section.4.4}% 18
\BOOKMARK [2][-]{section*.4}{Créer ne suffit pas pour s'approprier}{section.4.4}% 19
\BOOKMARK [2][-]{section*.5}{Protéger l'originalité c'est empêcher la créativité}{section.4.4}% 20
\BOOKMARK [1][-]{section.4.5}{Peut-on justifier cette infraction à mes droits de propriété par son utilité ?}{chapter.4}% 21
\BOOKMARK [0][-]{chapter.5}{La déception du conservateur}{}% 22
\BOOKMARK [1][-]{section.5.1}{Le\040domaine\040public\040est\040en\040danger\040en\040France}{chapter.5}% 23
\BOOKMARK [1][-]{section.5.2}{La\040marchandisation\040du\040domaine\040public\040par\040les\040institutions\040publiques}{chapter.5}% 24
\BOOKMARK [1][-]{section.5.3}{Mépris des recommandations européennes}{chapter.5}% 25
\BOOKMARK [1][-]{section.5.4}{Une dégradation encore renforcée par la crise et les coupes budgétaires}{chapter.5}% 26
\BOOKMARK [0][-]{chapter.6}{L'intérêt du développeur et la satisfaction de l'administration}{}% 27
\BOOKMARK [1][-]{section.6.1}{La liberté et les données publiques}{chapter.6}% 28
\BOOKMARK [1][-]{section.6.2}{Les bases de données sont les nouvelles matières premières}{chapter.6}% 29
\BOOKMARK [1][-]{section.6.3}{La valeur économique des données libres}{chapter.6}% 30
\BOOKMARK [1][-]{section.6.4}{Améliorer l'administration par la libération des données}{chapter.6}% 31
\BOOKMARK [1][-]{section.6.5}{Les derniers freins à l'essor d'une nouvelle ère dans les administrations}{chapter.6}% 32
\BOOKMARK [0][-]{chapter.7}{L'enthousiasme\040du\040chercheur}{}% 33
\BOOKMARK [1][-]{section.7.1}{La recherche de la vérité n'est pas celle du profit financier}{chapter.7}% 34
\BOOKMARK [1][-]{section.7.2}{La libre diffusion et réutilisation permet une meilleure reconnaissance}{chapter.7}% 35
\BOOKMARK [1][-]{section.7.3}{Les œuvres en accès libre sont en croissance exponentielle}{chapter.7}% 36
\BOOKMARK [0][-]{chapter.8}{Le\040commentaire\040de\040l'historien}{}% 37
\BOOKMARK [1][-]{section.8.1}{15e siècle : L'invention de l'imprimerie met fin aux moines-copistes}{chapter.8}% 38
\BOOKMARK [2][-]{section*.6}{Le\040prix\040du\040livre}{section.8.1}% 39
\BOOKMARK [2][-]{section*.7}{L'Église perd le contrôle de l'information}{section.8.1}% 40
\BOOKMARK [1][-]{section.8.2}{17e siècle : Marie la Sanguinaire censure grâce au droit de copie}{chapter.8}% 41
\BOOKMARK [2][-]{section*.8}{Une bâtarde répudiée}{section.8.2}% 42
\BOOKMARK [2][-]{section*.9}{Rétablissement du catholicisme}{section.8.2}% 43
\BOOKMARK [2][-]{section*.10}{Le droit de copie se maintient grâce aux éditeurs}{section.8.2}% 44
\BOOKMARK [1][-]{section.8.3}{19e siècle : De Jefferson à Hugo}{chapter.8}% 45
\BOOKMARK [2][-]{section*.11}{Le copyright américain sert le progrès de la science et des arts utiles}{section.8.3}% 46
\BOOKMARK [2][-]{section*.12}{Invention des bibliothèques publiques en Angleterre}{section.8.3}% 47
\BOOKMARK [2][-]{section*.13}{L'industrialisation allemande dépasse l'anglaise}{section.8.3}% 48
\BOOKMARK [2][-]{section*.14}{Les droits moraux se répandent sur le continent}{section.8.3}% 49
\BOOKMARK [1][-]{section.8.4}{Les\040quatre\040droits\040essentiels\040d'un\040auteur}{chapter.8}% 50
\BOOKMARK [1][-]{section.8.5}{Années 1930 : l'industrie musicale entre dans la danse}{chapter.8}% 51
\BOOKMARK [2][-]{section*.15}{L'Italie\040fasciste\040et\040la\040naissance\040de\040l'IFPI}{section.8.5}% 52
\BOOKMARK [2][-]{section*.16}{Lumières et puissance financière}{section.8.5}% 53
\BOOKMARK [1][-]{section.8.6}{1980 : deuxième piratage des droits de copie et d'auteur, par Pfizer}{chapter.8}% 54
\BOOKMARK [2][-]{section*.17}{Les\040invasions\040barbares}{section.8.6}% 55
\BOOKMARK [2][-]{section*.18}{La réponse pharmaceutique}{section.8.6}% 56
\BOOKMARK [2][-]{section*.19}{Naissance\040de\040l'OMC}{section.8.6}% 57
\BOOKMARK [0][-]{chapter*.20}{Sources}{}% 58
