\BOOKMARK [0][-]{chapter*.1}{Avant-propos de l'éditeur-traducteur}{}% 1
\BOOKMARK [0][-]{chapter*.2}{Introduction}{}% 2
\BOOKMARK [0][-]{chapter.1}{L'allégorie du cycliste}{}% 3
\BOOKMARK [0][-]{chapter.2}{Conserver\040ce\040qui\040est\040utile\040du\040droit\040moral}{}% 4
\BOOKMARK [0][-]{chapter.3}{Bannir les verrous numériques}{}% 5
\BOOKMARK [0][-]{chapter.4}{Préserver et promouvoir le domaine public}{}% 6
\BOOKMARK [1][-]{section.4.1}{Le domaine public est un bien commun qui a besoin d'être défendu}{chapter.4}% 7
\BOOKMARK [1][-]{section.4.2}{Quatre mesures pour que rien ne puisse être soustrait au domaine public}{chapter.4}% 8
\BOOKMARK [0][-]{chapter.5}{Reconnaître et promouvoir les licences libres}{}% 9
\BOOKMARK [1][-]{section.5.1}{La possibilité d'inscrire la définition d'une licence libre dans la loi}{chapter.5}% 10
\BOOKMARK [1][-]{section.5.2}{Libérer toutes les données et œuvres qui peuvent l'être}{chapter.5}% 11
\BOOKMARK [2][-]{section*.4}{La sécurité des citoyens comme limite}{section.5.2}% 12
\BOOKMARK [2][-]{section*.5}{Libérer les travaux de recherche}{section.5.2}% 13
\BOOKMARK [1][-]{section.5.3}{Rendre accessibles les données libérées}{chapter.5}% 14
\BOOKMARK [0][-]{chapter.6}{Créer un droit à la transformation des œuvres}{}% 15
\BOOKMARK [0][-]{chapter.7}{Enregistrer les œuvres tous les cinq ans}{}% 16
\BOOKMARK [1][-]{section.7.1}{Qu'est-ce qu'une œuvre orpheline ?}{chapter.7}% 17
\BOOKMARK [1][-]{section.7.2}{Le trou noir du vingtième siècle}{chapter.7}% 18
\BOOKMARK [1][-]{section.7.3}{Un registre bénéficierait à tous}{chapter.7}% 19
\BOOKMARK [1][-]{section.7.4}{Une réponse conforme à la Convention de Berne}{chapter.7}% 20
\BOOKMARK [1][-]{section.7.5}{Des dispositifs actuellement défavorables aux auteurs}{chapter.7}% 21
\BOOKMARK [0][-]{chapter.8}{Légalisation du partage non-marchand}{}% 22
\BOOKMARK [1][-]{section.8.1}{Il\040faut\040s'adapter\040au\040sens\040de\040l'histoire}{chapter.8}% 23
\BOOKMARK [1][-]{section.8.2}{La différence entre le commercial et le non-commercial}{chapter.8}% 24
\BOOKMARK [1][-]{section.8.3}{Une exception facilitant les usages pédagogiques et de recherche}{chapter.8}% 25
\BOOKMARK [0][-]{chapter.9}{Vingt\040ans\040de\040monopole\040commercial}{}% 26
\BOOKMARK [1][-]{section.9.1}{À productions différentes, durées différentes ?}{chapter.9}% 27
\BOOKMARK [1][-]{section.9.2}{Une durée rationnelle pour un investisseur}{chapter.9}% 28
\BOOKMARK [1][-]{section.9.3}{Pourquoi\040pas\040moins\040?}{chapter.9}% 29
\BOOKMARK [0][-]{chapter.10}{Remodeler\040le\040financement\040de\040la\040culture}{}% 30
\BOOKMARK [1][-]{section.10.1}{Trois\040sources\040d'investissement\040principales}{chapter.10}% 31
\BOOKMARK [1][-]{section.10.2}{L'utilité d'une contribution créative}{chapter.10}% 32
\BOOKMARK [1][-]{section.10.3}{Réformer les sociétés de gestion des droits}{chapter.10}% 33
\BOOKMARK [0][-]{appendix.A}{Index\040des\040mesures}{}% 34
\BOOKMARK [0][-]{appendix.B}{Sources}{}% 35
